app/build/outputs/mapping/release/seeds.txt
cn.sharesdk.share.demo.DerectShareWithEditActivity
cn.sharesdk.share.demo.DerectShareWithEditActivity: DerectShareWithEditActivity()
cn.sharesdk.share.demo.DerectShareWithEditActivity: void onClick(android.view.View)
cn.sharesdk.share.demo.DerectShareWithoutEditActivity
cn.sharesdk.share.demo.DerectShareWithoutEditActivity: DerectShareWithoutEditActivity()
cn.sharesdk.share.demo.DerectShareWithoutEditActivity: void onClick(android.view.View)
cn.sharesdk.share.demo.MainActivity
cn.sharesdk.share.demo.MainActivity: MainActivity()
cn.sharesdk.share.demo.MainActivity: void onClick(android.view.View)
cn.sharesdk.share.demo.R$drawable: int ic_launcher
cn.sharesdk.share.demo.R$drawable: int ssdk_auth_title_back
cn.sharesdk.share.demo.R$drawable: int ssdk_back_arr
cn.sharesdk.share.demo.R$drawable: int ssdk_logo
cn.sharesdk.share.demo.R$drawable: int ssdk_oks_classic_alipay
cn.sharesdk.share.demo.R$drawable: int ssdk_oks_classic_bluetooth
cn.sharesdk.share.demo.R$drawable: int ssdk_oks_classic_check_checked
cn.sharesdk.share.demo.R$drawable: int ssdk_oks_classic_check_default
cn.sharesdk.share.demo.R$drawable: int ssdk_oks_classic_douban
cn.sharesdk.share.demo.R$drawable: int ssdk_oks_classic_dropbox
cn.sharesdk.share.demo.R$drawable: int ssdk_oks_classic_email
cn.sharesdk.share.demo.R$drawable: int ssdk_oks_classic_evernote
cn.sharesdk.share.demo.R$drawable: int ssdk_oks_classic_facebook
cn.sharesdk.share.demo.R$drawable: int ssdk_oks_classic_facebookmessenger
cn.sharesdk.share.demo.R$drawable: int ssdk_oks_classic_flickr
cn.sharesdk.share.demo.R$drawable: int ssdk_oks_classic_foursquare
cn.sharesdk.share.demo.R$drawable: int ssdk_oks_classic_googleplus
cn.sharesdk.share.demo.R$drawable: int ssdk_oks_classic_instagram
cn.sharesdk.share.demo.R$drawable: int ssdk_oks_classic_instapaper
cn.sharesdk.share.demo.R$drawable: int ssdk_oks_classic_kaixin
cn.sharesdk.share.demo.R$drawable: int ssdk_oks_classic_kakaostory
cn.sharesdk.share.demo.R$drawable: int ssdk_oks_classic_kakaotalk
cn.sharesdk.share.demo.R$drawable: int ssdk_oks_classic_laiwang
cn.sharesdk.share.demo.R$id: int button1
cn.sharesdk.share.demo.R$id: int button2
cn.sharesdk.share.demo.R$id: int button3
cn.sharesdk.share.demo.R$id: int button4
cn.sharesdk.share.demo.R$id: int linearLayout1
cn.sharesdk.share.demo.R$layout: int activity_derect_share
cn.sharesdk.share.demo.R$layout: int activity_main
cn.sharesdk.share.demo.R$string: int app_btn1
cn.sharesdk.share.demo.R$string: int app_btn2
cn.sharesdk.share.demo.R$string: int app_btn3
cn.sharesdk.share.demo.R$string: int app_btn4
cn.sharesdk.share.demo.R$string: int app_derect_share
cn.sharesdk.share.demo.R$string: int app_name
cn.sharesdk.share.demo.R$string: int ssdk_alipay
cn.sharesdk.share.demo.R$string: int ssdk_alipay_client_inavailable
cn.sharesdk.share.demo.R$string: int ssdk_baidutieba
cn.sharesdk.share.demo.R$string: int ssdk_baidutieba_client_inavailable
cn.sharesdk.share.demo.R$string: int ssdk_bluetooth
cn.sharesdk.share.demo.R$string: int ssdk_douban
cn.sharesdk.share.demo.R$string: int ssdk_dropbox
cn.sharesdk.share.demo.R$string: int ssdk_email
cn.sharesdk.share.demo.R$string: int ssdk_evernote
cn.sharesdk.share.demo.R$string: int ssdk_facebook
cn.sharesdk.share.demo.R$string: int ssdk_facebookmessenger
cn.sharesdk.share.demo.R$string: int ssdk_facebookmessenger_client_inavailable
cn.sharesdk.share.demo.R$string: int ssdk_flickr
cn.sharesdk.share.demo.R$string: int ssdk_foursquare
cn.sharesdk.share.demo.R$string: int ssdk_google_plus_client_inavailable
cn.sharesdk.share.demo.R$string: int ssdk_googleplus
cn.sharesdk.share.demo.R$string: int ssdk_instagram
cn.sharesdk.share.demo.R$string: int ssdk_instagram_client_inavailable
cn.sharesdk.share.demo.R$string: int ssdk_instapager_email_or_password_incorrect
cn.sharesdk.share.demo.R$string: int ssdk_instapager_login_html
cn.sharesdk.share.demo.apshare.ShareEntryActivity
cn.sharesdk.share.demo.apshare.ShareEntryActivity: ShareEntryActivity()
...
cn.sharesdk.alipay.share.AlipayHandlerActivity: AlipayHandlerActivity()
cn.sharesdk.framework.TitleLayout: android.widget.ImageView getBtnBack()
cn.sharesdk.framework.TitleLayout: android.widget.TextView getTvTitle()
cn.sharesdk.framework.TitleLayout: android.widget.TextView getBtnRight()
cn.sharesdk.framework.n$a: cn.sharesdk.framework.n$a[] values()
cn.sharesdk.framework.n$a: cn.sharesdk.framework.n$a valueOf(java.lang.String)
cn.sharesdk.framework.statistics.b: cn.sharesdk.framework.statistics.b[] values()
cn.sharesdk.framework.statistics.b: cn.sharesdk.framework.statistics.b valueOf(java.lang.String)
cn.sharesdk.framework.utils.a$a: cn.sharesdk.framework.utils.a$a[] values()
cn.sharesdk.framework.utils.a$a: cn.sharesdk.framework.utils.a$a valueOf(java.lang.String)
cn.sharesdk.google.UserData$AgeRange
cn.sharesdk.google.UserData$Cover
cn.sharesdk.google.UserData$Cover$CoverInfo
cn.sharesdk.google.UserData$Cover$CoverPhoto
cn.sharesdk.google.UserData$Emails
cn.sharesdk.google.UserData$Image
cn.sharesdk.google.UserData$Name
cn.sharesdk.google.UserData$Organizations
cn.sharesdk.google.UserData$PlacesLived
cn.sharesdk.google.UserData$Urls
cn.sharesdk.onekeyshare.OnekeyShareTheme: cn.sharesdk.onekeyshare.OnekeyShareTheme[] values()
cn.sharesdk.onekeyshare.OnekeyShareTheme: cn.sharesdk.onekeyshare.OnekeyShareTheme valueOf(java.lang.String)
cn.sharesdk.onekeyshare.themes.classic.IndicatorView: void setScreenCount(int)
cn.sharesdk.onekeyshare.themes.classic.RotateImageView: void setRotation(float)
cn.sharesdk.onekeyshare.themes.classic.XView: void setRatio(float)
cn.sharesdk.wechat.utils.WechatHandlerActivity: WechatHandlerActivity()
cn.sharesdk.yixin.utils.YXMessage$MessageType: cn.sharesdk.yixin.utils.YXMessage$MessageType[] values()
cn.sharesdk.yixin.utils.YXMessage$MessageType: cn.sharesdk.yixin.utils.YXMessage$MessageType valueOf(java.lang.String)
cn.sharesdk.yixin.utils.YixinHandlerActivity: YixinHandlerActivity()
com.mob.tools.MobUIShell
com.mob.tools.MobUIShell: MobUIShell()
com.mob.tools.MobUIShell: void setContentView(android.view.View)
com.mob.tools.gui.AsyncImageView: void setRound(float)
com.mob.tools.gui.AsyncImageView: void setScaleToCropCenter(boolean)
com.mob.tools.gui.AsyncImageView: void setBitmap(android.graphics.Bitmap)
com.mob.tools.gui.AsyncImageView: int[] getSize()
com.mob.tools.gui.MobViewPager: void setAdapter(com.mob.tools.gui.ViewPagerAdapter)
com.mob.tools.gui.MobViewPager: int getCurrentScreen()
com.mob.tools.gui.PullToRefreshView: void setAdapter(com.mob.tools.gui.PullToRefreshAdatper)
com.mob.tools.gui.ScaledImageView: void setBitmap(android.graphics.Bitmap)
com.mob.tools.gui.ScaledImageView: void setOnMatrixChangedListener(com.mob.tools.gui.ScaledImageView$OnMatrixChangedListener)
com.mob.tools.log.NativeErrorHandler
com.mob.tools.log.NativeErrorHandler: void nativePrepare(java.lang.String)
com.sina.weibo.sdk.api.ImageObject
com.sina.weibo.sdk.api.ImageObject: android.os.Parcelable$Creator CREATOR
com.sina.weibo.sdk.api.TextObject
com.sina.weibo.sdk.api.TextObject: android.os.Parcelable$Creator CREATOR
com.sina.weibo.sdk.api.WebpageObject
com.sina.weibo.sdk.api.WebpageObject: android.os.Parcelable$Creator CREATOR