app/build/outputs/mapping/release/mapping.txt
cn.sharesdk.share.demo.DerectShareWithEditActivity -> cn.sharesdk.share.demo.DerectShareWithEditActivity:
    void <init>() -> <init>
    void onCreate(android.os.Bundle) -> onCreate
    void onClick(android.view.View) -> onClick
cn.sharesdk.share.demo.DerectShareWithoutEditActivity -> cn.sharesdk.share.demo.DerectShareWithoutEditActivity:
    void <init>() -> <init>
    void onCreate(android.os.Bundle) -> onCreate
    void onClick(android.view.View) -> onClick
cn.sharesdk.share.demo.MainActivity -> cn.sharesdk.share.demo.MainActivity:
    void <init>() -> <init>
    void onCreate(android.os.Bundle) -> onCreate
    void onClick(android.view.View) -> onClick
    void showShare(android.content.Context,java.lang.String,boolean) -> a
    java.lang.String[] randomPic() -> a
cn.sharesdk.share.demo.MainActivity$1 -> cn.sharesdk.share.demo.a:
    void <init>() -> <init>
    void onClick(android.view.View) -> onClick
cn.sharesdk.share.demo.apshare.ShareEntryActivity -> cn.sharesdk.share.demo.apshare.ShareEntryActivity:
    void <init>() -> <init>
cn.sharesdk.share.demo.wxapi.WXEntryActivity -> cn.sharesdk.share.demo.wxapi.WXEntryActivity:
    void <init>() -> <init>
    void onGetMessageFromWXReq(cn.sharesdk.wechat.utils.WXMediaMessage) -> a
    void onShowMessageFromWXReq(cn.sharesdk.wechat.utils.WXMediaMessage) -> b
cn.sharesdk.share.demo.yxapi.YXEntryActivity -> cn.sharesdk.share.demo.yxapi.YXEntryActivity:
    void <init>() -> <init>
    void onReceiveMessageFromYX(cn.sharesdk.yixin.utils.YXMessage) -> a
...
com.mob.commons.logcollector.f -> com.mob.a.a.g:
    long a(android.content.Context,long,java.lang.String,int,java.lang.String) -> a
    long a(android.content.Context,java.util.ArrayList) -> a
    java.util.ArrayList a(android.content.Context,java.lang.String,java.lang.String[]) -> a
    java.util.ArrayList a(android.content.Context,java.lang.String[]) -> a
com.mob.tools.FakeActivity -> com.mob.tools.a:
    java.lang.Class shellClass -> a
    android.app.Activity activity -> q
    com.mob.tools.FakeActivity resultReceiver -> b
    java.util.HashMap result -> c
    android.view.View contentView -> d
    void <init>() -> <init>
    void setActivity(android.app.Activity) -> a
    void setContentView(android.view.View) -> a
    android.view.View getContentView() -> l
    void onCreate() -> h
    void onNewIntent(android.content.Intent) -> a
    void onStart() -> m
    void onPause() -> i
    void onResume() -> n
    void onStop() -> o
    void onRestart() -> p
    boolean onFinish() -> a_
    void onDestroy() -> q
    void finish() -> r
    boolean onKeyEvent(int,android.view.KeyEvent) -> a
    void onActivityResult(int,int,android.content.Intent) -> a
    void onConfigurationChanged(android.content.res.Configuration) -> a
    android.content.Context getContext() -> s
    void show(android.content.Context,android.content.Intent) -> a
    void showForResult(android.content.Context,android.content.Intent,com.mob.tools.FakeActivity) -> a
    void setResult(java.util.HashMap) -> b
    void sendResult() -> t
    void onResult(java.util.HashMap) -> a
    void setRequestedOrientation(int) -> a
    void requestPortraitOrientation() -> u
    void requestLandscapeOrientation() -> v
    boolean onCreateOptionsMenu(android.view.Menu) -> a
    boolean onOptionsItemSelected(android.view.MenuItem) -> a
com.mob.tools.FakeActivity$1 -> com.mob.tools.b:
    com.mob.tools.FakeActivity this$0 -> a
    void <init>(com.mob.tools.FakeActivity) -> <init>
    boolean handleMessage(android.os.Message) -> handleMessage
com.mob.tools.MobLog -> com.mob.tools.c:
    java.lang.String getSDKTag() -> a
    com.mob.tools.log.NLog getInstance() -> b
com.mob.tools.MobUIShell -> com.mob.tools.MobUIShell:
    java.util.HashMap executors -> b
    com.mob.tools.FakeActivity executor -> c
    int forceTheme -> a
    void <init>() -> <init>
    java.lang.String registerExecutor(java.lang.Object) -> a
    java.lang.String registerExecutor(java.lang.String,java.lang.Object) -> a
    void setTheme(int) -> setTheme
    void onCreate(android.os.Bundle) -> onCreate
    com.mob.tools.FakeActivity getDefault() -> a
    void setContentView(int) -> setContentView
    void setContentView(android.view.View) -> setContentView
    void setContentView(android.view.View,android.view.ViewGroup$LayoutParams) -> setContentView
    void onNewIntent(android.content.Intent) -> onNewIntent
    void onStart() -> onStart
    void onResume() -> onResume
    void onPause() -> onPause
    void onStop() -> onStop
    void onRestart() -> onRestart
    void onDestroy() -> onDestroy
    void onActivityResult(int,int,android.content.Intent) -> onActivityResult
    boolean onKeyDown(int,android.view.KeyEvent) -> onKeyDown
    boolean onKeyUp(int,android.view.KeyEvent) -> onKeyUp
    void onConfigurationChanged(android.content.res.Configuration) -> onConfigurationChanged
    void finish() -> finish
    boolean onCreateOptionsMenu(android.view.Menu) -> onCreateOptionsMenu
    boolean onOptionsItemSelected(android.view.MenuItem) -> onOptionsItemSelected
    void <clinit>() -> <clinit>