app/build/outputs/mapping/release/usage.txt
cn.sharesdk.share.demo.BuildConfig
cn.sharesdk.share.demo.R
cn.sharesdk.share.demo.R$attr
cn.sharesdk.share.demo.R$drawable
cn.sharesdk.share.demo.R$id
cn.sharesdk.share.demo.R$layout
cn.sharesdk.share.demo.R$string
...
cn.sharesdk.framework.Service$ServiceEvent
cn.sharesdk.framework.ShareSDK:
    public ShareSDK()
    public static void initSDK(android.content.Context,boolean)
    public static void initSDK(android.content.Context,java.lang.String)
    public static void stopSDK(android.content.Context)
    public static void stopSDK()
    public static void registerService(java.lang.Class)
    public static void unregisterService(java.lang.Class)
    public static cn.sharesdk.framework.Service getService(java.lang.Class)
    public static void registerPlatform(java.lang.Class)
    public static void unregisterPlatform(java.lang.Class)
    public static void setConnTimeout(int)
    public static void setReadTimeout(int)
    public static void removeCookieOnAuthorize(boolean)
    public static void deleteCache()
    public static synchronized cn.sharesdk.framework.Platform[] getPlatformList(android.content.Context)
    public static cn.sharesdk.framework.Platform getPlatform(android.content.Context,java.lang.String)
    public static void setPlatformDevInfo(java.lang.String,java.util.HashMap)
    public static java.lang.String platformIdToName(int)
    public static int platformNameToId(java.lang.String)
    public static boolean isRemoveCookieOnAuthorize()
    public static void closeDebug()
    public static boolean isDebug()
    static void a(java.lang.String,java.lang.String)
    static void a(int,int)
    static java.lang.String a(java.lang.String,boolean,int,java.lang.String)
    static java.lang.String a(java.lang.String)
cn.sharesdk.framework.TitleLayout
cn.sharesdk.framework.a:
    cn.sharesdk.framework.PlatformActionListener a()
    void a(cn.sharesdk.framework.Platform,int,java.lang.Object)
cn.sharesdk.framework.a.a:
    private a()
    public static cn.sharesdk.framework.a.a a()
    public java.lang.String b(java.lang.String,java.util.ArrayList,java.lang.String,int)
    public java.lang.String a(java.lang.String,java.util.ArrayList,com.mob.tools.network.KVPair,java.lang.String,int)
    public java.lang.String a(java.lang.String,java.util.ArrayList,com.mob.tools.network.KVPair,java.util.ArrayList,java.lang.String,int)
    public java.lang.String a(java.lang.String,java.util.ArrayList,com.mob.tools.network.KVPair,java.util.ArrayList,com.mob.tools.network.NetworkHelper$NetworkTimeOut,java.lang.String,int)
    public java.lang.String b(java.lang.String,java.util.ArrayList,com.mob.tools.network.KVPair,java.util.ArrayList,com.mob.tools.network.NetworkHelper$NetworkTimeOut,java.lang.String,int)
    public void a(java.lang.String,java.util.ArrayList,com.mob.tools.network.HTTPPart,com.mob.tools.network.RawNetworkCallback,java.lang.String,int)
    public java.lang.String b(java.lang.String,java.util.ArrayList,java.util.ArrayList,com.mob.tools.network.NetworkHelper$NetworkTimeOut,java.lang.String,int)
cn.sharesdk.framework.authorize.AuthorizeAdapter
cn.sharesdk.framework.authorize.AuthorizeHelper
cn.sharesdk.framework.authorize.RegisterView
cn.sharesdk.framework.authorize.ResizeLayout
cn.sharesdk.framework.authorize.ResizeLayout$OnResizeListener
cn.sharesdk.framework.authorize.SSOListener
cn.sharesdk.framework.authorize.a
cn.sharesdk.framework.authorize.b
cn.sharesdk.framework.authorize.c
cn.sharesdk.framework.authorize.d
cn.sharesdk.framework.authorize.e
cn.sharesdk.framework.authorize.f
cn.sharesdk.framework.authorize.g
cn.sharesdk.framework.authorize.g$a
cn.sharesdk.framework.authorize.h
cn.sharesdk.framework.authorize.i
cn.sharesdk.framework.authorize.j
cn.sharesdk.framework.c